<?xml version="1.0" encoding="UTF-8"?>
<!-- Generated by org.testng.reporters.JUnitReportReporter -->
<testsuite hostname="PRO-IND-895" failures="0" tests="1" name="steps.SampleTest" time="15.704" errors="0" timestamp="2024-10-29T12:57:04 IST" skipped="0">
  <testcase classname="steps.SampleTest" name="testBingSearch" time="15.704"/>
  <system-out/>
</testsuite> <!-- steps.SampleTest -->
