<?xml version="1.0" encoding="UTF-8"?>
<!-- Generated by org.testng.reporters.JUnitReportReporter -->
<testsuite hostname="PRO-IND-895" failures="0" tests="1" name="steps.SampleTest" time="16.112" errors="0" timestamp="2024-10-29T17:11:20 IST" skipped="0">
  <testcase classname="steps.SampleTest" name="testBingSearch" time="16.112"/>
  <system-out/>
</testsuite> <!-- steps.SampleTest -->
